C51 COMPILER V9.60.7.0   24C02                                                             09/23/2024 12:57:01 PAGE 1   


C51 COMPILER V9.60.7.0, COMPILATION OF MODULE 24C02
OBJECT MODULE PLACED IN .\Objects\24c02.obj
COMPILER INVOKED BY: C:\Keil_v5\C51\BIN\C51.EXE 24c02.c OPTIMIZE(8,SPEED) BROWSE DEBUG OBJECTEXTEND PRINT(.\Listings\24c
                    -02.lst) TABS(2) OBJECT(.\Objects\24c02.obj)

line level    source

   1          #include <reg51.h>
   2          #include "LCD.h"
   3          #include "I2C.h"
   4          #include "24C02.h"
   5          
   6          
   7          void write_byte_to_24c02_eeprom (unsigned int address,unsigned char databyte)
   8          {
   9   1        I2C_START();
  10   1        while(I2C_WRITE_BYTE(DEVICE_ADDRESS_24C02_EEPROM + 0)==1)
  11   1        {
  12   2          I2C_START();
  13   2        }
  14   1        I2C_WRITE_BYTE(address>>8);
  15   1        I2C_WRITE_BYTE((unsigned char)address);
  16   1        I2C_WRITE_BYTE(databyte);
  17   1        I2C_STOP();
  18   1      }
  19          unsigned char read_byte_from_24c02_eeprom (unsigned int address)
  20          {
  21   1        unsigned char Byte=0;
  22   1        I2C_START();
  23   1        while(I2C_WRITE_BYTE(DEVICE_ADDRESS_24C02_EEPROM +0)==1)
  24   1        {
  25   2          I2C_START();
  26   2        }
  27   1        I2C_WRITE_BYTE(address>>8);
  28   1        I2C_WRITE_BYTE((unsigned char)address);
  29   1        I2C_RESTART();
  30   1        
  31   1        I2C_WRITE_BYTE(DEVICE_ADDRESS_24C02_EEPROM+1);
  32   1        
  33   1        Byte=I2C_READ_BYTE();
  34   1          
  35   1        I2C_NACK();
  36   1        SET_SDA_LOW;
  37   1        delay1(5);
  38   1        SET_SDA_HIGH;
  39   1        delay1(5);
  40   1        return Byte;
  41   1      }
  42          
  43          //void write_page_to_24c02_eeprom (unsigned int address , unsigned char* pData, unsigned char noofbytes )
  44          //{
  45          //  unsigned char i;
  46          //  I2C_START();
  47          //  while(I2C_WRITE_BYTE(DEVICE_ADDRESS_24C02_EEPROM +0)==1)
  48          //  {
  49          //    I2C_START();
  50          //  }
  51          //  I2C_WRITE_BYTE(address>>8);
  52          //  I2C_WRITE_BYTE((unsigned char)address);
  53          //  
  54          //  for(i=0; i<noofbytes; i++)
C51 COMPILER V9.60.7.0   24C02                                                             09/23/2024 12:57:01 PAGE 2   

  55          //  {
  56          //    I2C_WRITE_BYTE(pData[i]);
  57          //    I2C_STOP();
  58          //  }
  59          //  
  60          //}
  61          
  62          //unsigned char read_bytes_from_24c02_eeprom(unsigned int address ,unsigned char*pData,unsigned int noofda
             -ta)
  63          //{
  64          //  unsigned char i;
  65          //  I2C_START();
  66          //  while(I2C_WRITE_BYTE(DEVICE_ADDRESS_24C02_EEPROM +0)==1)
  67          //  {
  68          //    I2C_START();
  69          //  }
  70          //  I2C_WRITE_BYTE(address>>8);
  71          //  I2C_WRITE_BYTE((unsigned char)address);
  72          //  
  73          //  I2C_RESTART();
  74          //  I2C_WRITE_BYTE(DEVICE_ADDRESS_24C02_EEPROM +1);
  75          //  
  76          //  pData[0]=I2C_READ_BYTE();
  77          //  
  78          //  for(i=0; i<noofdata; i++)
  79          //  {
  80          //    I2C_ACK();
  81          //    pData[i]=I2C_READ_BYTE();
  82          //  }
  83          //  I2C_NACK();
  84          //  SET_SDA_LOW;
  85          //  delay1(5);
  86          //  SET_SDA_HIGH;
  87          //  delay1(5);
  88          //}
  89          
  90          
  91          
  92          
  93          
  94          
  95          
  96          
  97          
  98          
  99          
 100          
 101          


MODULE INFORMATION:   STATIC OVERLAYABLE
   CODE SIZE        =    108    ----
   CONSTANT SIZE    =   ----    ----
   XDATA SIZE       =   ----    ----
   PDATA SIZE       =   ----    ----
   DATA SIZE        =   ----       6
   IDATA SIZE       =   ----    ----
   BIT SIZE         =   ----    ----
END OF MODULE INFORMATION.


C51 COMPILATION COMPLETE.  0 WARNING(S),  0 ERROR(S)
