C51 COMPILER V9.60.7.0   MAIN                                                              09/23/2024 12:57:01 PAGE 1   


C51 COMPILER V9.60.7.0, COMPILATION OF MODULE MAIN
OBJECT MODULE PLACED IN .\Objects\main.obj
COMPILER INVOKED BY: C:\Keil_v5\C51\BIN\C51.EXE main.c OPTIMIZE(8,SPEED) BROWSE DEBUG OBJECTEXTEND PRINT(.\Listings\main
                    -.lst) TABS(2) OBJECT(.\Objects\main.obj)

line level    source

   1          
   2          /*
   3          task_18__part_03:
   4          Implement a counter of one second (8 bit) and save the value of the counter in EEPROM 
   5          after each second. Show the count on seven segment displays. On startup, load the value 
   6          of the counter from EEPROM. Reset the board and see if the counter value remains 
   7          preserved between resets. An unwritten memory location in EEPROM has a value of 0xFF 
   8          or 255 which you can use to check if it is a new board or if the value is legitimate
   9          */
  10          
  11          
  12          #include <reg51.h>
  13          #include "LCD.h"
  14          #include "24C02.h"
  15          #include "I2C.h"
  16          
  17          
  18          
  19          void main()
  20          {
  21   1      
  22   1      
  23   1      unsigned int counter=0;
  24   1      unsigned int readvalue=0;
  25   1      
  26   1      
  27   1      
  28   1        lcd_init();
  29   1        
  30   1        INITI2C();
  31   1        lcd_set_cursor(0,0);
  32   1        lcd_string("COUNTER EEPROM:");
  33   1      
  34   1      while(1)
  35   1      {
  36   2        write_byte_to_24c02_eeprom(0x0001, counter);
  37   2        
  38   2        readvalue=read_byte_from_24c02_eeprom(0x0001);
  39   2        delay(1000);
  40   2      //    readvalue = (float *) malloc(readvalue1);
  41   2      
  42   2        lcd_set_cursor(1,0);
  43   2        if(readvalue<10)
  44   2        {
  45   3          lcd_char('0');
  46   3          lcd_char('0');
  47   3      
  48   3          lcd_char(readvalue +'0');
  49   3      
  50   3        }
  51   2        else if (readvalue<100)
  52   2        {
  53   3          lcd_char('0');
  54   3          lcd_char(readvalue / 10 +'0');
C51 COMPILER V9.60.7.0   MAIN                                                              09/23/2024 12:57:01 PAGE 2   

  55   3          lcd_char(readvalue % 10 +'0');
  56   3        }
  57   2        else if(readvalue<=255)
  58   2        {
  59   3          lcd_char(readvalue / 100 +'0');
  60   3          lcd_char((readvalue /10)%10 +'0');
  61   3          lcd_char(readvalue % 10 +'0');
  62   3        
  63   3        }
  64   2        else
  65   2        {
  66   3          
  67   3          counter=0;
  68   3          readvalue=0;
  69   3        }
  70   2        delay(100);
  71   2        counter++;
  72   2        
  73   2        if(readvalue>255)
  74   2        {
  75   3          counter=0;
  76   3          readvalue=0;
  77   3          break;
  78   3        }
  79   2      }
  80   1      
  81   1      }
  82          
  83          
  84          
  85          
  86          
  87          
  88          


MODULE INFORMATION:   STATIC OVERLAYABLE
   CODE SIZE        =    260    ----
   CONSTANT SIZE    =     16    ----
   XDATA SIZE       =   ----    ----
   PDATA SIZE       =   ----    ----
   DATA SIZE        =   ----       4
   IDATA SIZE       =   ----    ----
   BIT SIZE         =   ----    ----
END OF MODULE INFORMATION.


C51 COMPILATION COMPLETE.  0 WARNING(S),  0 ERROR(S)
