C51 COMPILER V9.60.7.0   LCD                                                               09/23/2024 15:48:09 PAGE 1   


C51 COMPILER V9.60.7.0, COMPILATION OF MODULE LCD
OBJECT MODULE PLACED IN .\Objects\lcd.obj
COMPILER INVOKED BY: C:\Keil_v5\C51\BIN\C51.EXE lcd.c OPTIMIZE(8,SPEED) BROWSE DEBUG OBJECTEXTEND PRINT(.\Listings\lcd.l
                    -st) TABS(2) OBJECT(.\Objects\lcd.obj)

line level    source

   1          #include <reg51.h>
   2          #include "LCD.h"
   3          #include "I2C.h"
   4          #include "24C02.h"
   5          #include <string.h>
   6          #include <stdio.h>
   7          #define lcd_data P0
   8          sbit RW=P2^5;
   9          sbit RS=P2^6;
  10          sbit EN=P2^7;
  11          
  12          void lcd_init()
  13          {
  14   1        lcd_command(0x38);
  15   1        lcd_command(0x0C);
  16   1        lcd_command(0x01);
  17   1        lcd_command(0x80);
  18   1      }
  19          
  20          void lcd_command(unsigned char cmd)
  21          {
  22   1        lcd_data=cmd;
  23   1        RW=0;
  24   1        RS=0;
  25   1        EN=1;
  26   1        delay(10);
  27   1        EN=0;
  28   1        delay(10);
  29   1      }
  30          void lcd_char(unsigned char dat)
  31          {
  32   1        lcd_data=dat;
  33   1        RW=0;
  34   1        RS=1;
  35   1        EN=1;
  36   1        delay(10);
  37   1        EN=0;
  38   1        delay(10);
  39   1      }
  40          
  41          void lcd_clear()
  42          {
  43   1          lcd_command(0x01);
  44   1      
  45   1      }
  46          
  47          void lcd_string(unsigned char *str)
  48          {
  49   1        int i;
  50   1        for(i=0; str[i]!=0; i++)
  51   1        {
  52   2          lcd_char(str[i]);
  53   2        }
  54   1        
C51 COMPILER V9.60.7.0   LCD                                                               09/23/2024 15:48:09 PAGE 2   

  55   1      }
  56          void lcd_set_cursor(unsigned char row, unsigned char col)
  57          {
  58   1        unsigned char position;
  59   1        if(row==0)
  60   1        {
  61   2          position=0x80+col;
  62   2        }
  63   1        else
  64   1        {
  65   2          position=0xC0+col;
  66   2        }
  67   1        lcd_command(position);
  68   1      }
  69          void lcd_display_long(unsigned long num)
  70          {
  71   1        
  72   1        unsigned int i;
  73   1        char str[12];
  74   1        sprintf(str,"%lu",num);
  75   1        
  76   1        for(i=0; str[i]!='\0'; i++)
  77   1        {
  78   2          lcd_char(str[i]);
  79   2          
  80   2        }
  81   1      }
  82          
  83          void delay (unsigned int time)
  84          {
  85   1        unsigned int i,j;
  86   1        for(i=0; i<time; i++)
  87   1        for(j=0; j<10; j++);
  88   1        
  89   1      }


MODULE INFORMATION:   STATIC OVERLAYABLE
   CODE SIZE        =    216    ----
   CONSTANT SIZE    =      4    ----
   XDATA SIZE       =   ----    ----
   PDATA SIZE       =   ----    ----
   DATA SIZE        =   ----      20
   IDATA SIZE       =   ----    ----
   BIT SIZE         =   ----    ----
END OF MODULE INFORMATION.


C51 COMPILATION COMPLETE.  0 WARNING(S),  0 ERROR(S)
