C51 COMPILER V9.60.7.0   MAIN                                                              09/23/2024 15:48:09 PAGE 1   


C51 COMPILER V9.60.7.0, COMPILATION OF MODULE MAIN
OBJECT MODULE PLACED IN .\Objects\main.obj
COMPILER INVOKED BY: C:\Keil_v5\C51\BIN\C51.EXE main.c OPTIMIZE(8,SPEED) BROWSE DEBUG OBJECTEXTEND PRINT(.\Listings\main
                    -.lst) TABS(2) OBJECT(.\Objects\main.obj)

line level    source

   1          //#include <reg51.h>
   2          //#include "LCD.h"
   3          //#include "24C02.h"
   4          //#include "I2C.h"
   5          //#include <stdio.h>
   6          
   7          
   8          //void main()
   9          //{
  10          // long TotalWriteCycle;
  11          // long WriteCyclePerYear;
  12          // long WriteCyclePerDay;
  13          // long TimeBetweenWrite_Ms;
  14          
  15          // unsigned char RxByte=0;
  16          // unsigned char TxArray[4];
  17          // unsigned char RxArray[4];
  18          //  
  19          // long  counter=0;
  20          //unsigned char i;
  21          
  22          
  23          //  INITI2C();
  24          
  25          //  lcd_init();
  26          //  
  27          //  lcd_clear();
  28          //  lcd_set_cursor(0,0);
  29          //  lcd_string("COUNTER EEPROM:");
  30          
  31          //  TotalWriteCycle=1000000UL;
  32          //  WriteCyclePerYear=TotalWriteCycle / 10;
  33          //  WriteCyclePerDay=WriteCyclePerYear /365;
  34          //  TimeBetweenWrite_Ms= 24 * 60 * 60* 1000 /WriteCyclePerDay ;
  35          //  
  36          //while(1)
  37          //{
  38          //  
  39          //  for(i=0; i<4; i++)
  40          //  {
  41          //    TxArray[i]=(counter>>(8*(3 - i))) & 0xFF;
  42          //  }
  43          //  write_page_to_24c02_eeprom(0x0020, TxArray, 4);
  44          //  read_bytes_from_24c02_eeprom(0x0020, RxArray, 4);
  45          ////  counter=0;
  46          //  
  47          //  for(i=0; i<4; i++)
  48          //  {
  49          //    counter=(counter << 8) | RxArray[i];
  50          //  }
  51          //  lcd_set_cursor(1,0);
  52          //    
  53          //  lcd_display_long(counter);
  54          //  counter++;
C51 COMPILER V9.60.7.0   MAIN                                                              09/23/2024 15:48:09 PAGE 2   

  55          //  delay_ms(10);
  56          ////  delay_ms(TimeBetweenWrite_Ms);
  57          //}
  58          
  59          //}
  60          
  61          
  62          #include <reg51.h>
  63          
  64          #include "24C02.h"
  65          #include "I2C.h"
  66          #include "lcd.h"
  67          #include <stdio.h>
  68          
  69          //typedef unsigned int uchar;
  70          //typedef unsigned int iint;
  71          typedef unsigned long ulong;
  72          
  73          
  74          void lcd_write_ulong(unsigned long num) {
  75   1        unsigned int i;
  76   1        char buffer[12];                                            // Buffer for storing the string representati
             -on of the number
  77   1          sprintf(buffer, "%lu", num);                             // Convert ka, number to a string
  78   1      
  79   1          for ( i = 0; buffer[i] != '\0'; i++) {
  80   2              lcd_char(buffer[i]);                             // Write each character to the LCD
  81   2          }
  82   1      }
  83          
  84          // Main function
  85          void main()
  86            
  87          { 
  88   1        ulong TotalWriteCycles;
  89   1        ulong WriteCyclesPerYear;
  90   1        ulong WriteCyclesPerDay; 
  91   1        ulong TimeBetweenWrites_ms;
  92   1        
  93   1        unsigned char RxByte = 0;
  94   1        unsigned char TxArray[4];
  95   1        unsigned char RxArray[4];
  96   1      
  97   1        ulong counter = 0;
  98   1        unsigned char i;
  99   1      
 100   1        unsigned int readValue = 0;
 101   1        lcd_init();
 102   1      
 103   1        // Initialize LCD
 104   1        INITI2C();
 105   1      
 106   1        // Initialize i2c pins
 107   1              
 108   1          lcd_clear();
 109   1          lcd_set_cursor(0,0);
 110   1          lcd_string("Counter EEPROM:");
 111   1        
 112   1           TotalWriteCycles = 1000000UL;                                 // Total write cycles
 113   1           WriteCyclesPerYear = TotalWriteCycles / 10;                    // Write cycles per year
 114   1           WriteCyclesPerDay = WriteCyclesPerYear / 365;                  // Write cycles per day
 115   1           TimeBetweenWrites_ms = 24 * 60 * 60 * 1000 / WriteCyclesPerDay;  // Time between writes in millisecon
C51 COMPILER V9.60.7.0   MAIN                                                              09/23/2024 15:48:09 PAGE 3   

             -ds  
 116   1                         
 117   1      
 118   1      
 119   1      while (1)
 120   1          {
 121   2      
 122   2      
 123   2          for (i = 0; i < 4; i++) {                               // Break the counter into 4 bytes
 124   3      
 125   3            TxArray[i] = (counter >> (8 * (3 - i))) & 0xFF;
 126   3          }
 127   2      
 128   2           Write_Page_To_24C02_EEPROM(0x0020, TxArray, 4);              // Write the 4-byte counter value to the EEP
             -ROM at address 0x0020   
 129   2           Read_Bytes_From_24C02_EEPROM(0x0020, RxArray, 4);            // Read the counter value from the EEPROM at
             - address 0x0020 (4 bytes)
 130   2           
 131   2          counter = 0;
 132   2          
 133   2      // dalta ma counter 0 ko zaka chi counter incremented value already RxArray ki store shawe, bia me 4byte c
             -ounter ki save ka chi display she
 134   2          
 135   2          for (i = 0; i < 4; i++) {                                       // Combine the bytes to form a 4-byte cou
             -nter
 136   3                      
 137   3            counter = (counter << 8) | RxArray[i];
 138   3          }
 139   2      
 140   2          // Display the counter value on the LCD
 141   2          lcd_set_cursor(1, 0);
 142   2          lcd_write_ulong(counter);
 143   2      
 144   2          counter++;
 145   2          delay_ms(1); // Delay for 10 years (last second)
 146   2          
 147   2          delay_ms(TimeBetweenWrites_ms); // Delay for 10 years (last second)
 148   2        }
 149   1      }
 150          
 151          
 152          
 153          


MODULE INFORMATION:   STATIC OVERLAYABLE
   CODE SIZE        =    336    ----
   CONSTANT SIZE    =     20    ----
   XDATA SIZE       =   ----    ----
   PDATA SIZE       =   ----    ----
   DATA SIZE        =   ----      34
   IDATA SIZE       =   ----    ----
   BIT SIZE         =   ----    ----
END OF MODULE INFORMATION.


C51 COMPILATION COMPLETE.  0 WARNING(S),  0 ERROR(S)
